<?xml version="1.0" encoding="UTF-8"?>
<testsuite name="com.mindex.challenge.ChallengeApplicationTests" tests="0" skipped="0" failures="0" errors="0" timestamp="1970-01-01T00:00:00" hostname="its-504.main.ad.rit.edu" time="0.0">
  <properties/>
  <system-out><![CDATA[2020-03-04 13:28:12.421  INFO 14436 --- [    Test worker] .b.t.c.SpringBootTestContextBootstrapper : Neither @ContextConfiguration nor @ContextHierarchy found for test class [com.mindex.challenge.ChallengeApplicationTests], using SpringBootContextLoader
2020-03-04 13:28:12.422  INFO 14436 --- [    Test worker] o.s.t.c.support.AbstractContextLoader    : Could not detect default resource locations for test class [com.mindex.challenge.ChallengeApplicationTests]: no resource found for suffixes {-context.xml, Context.groovy}.
2020-03-04 13:28:12.422  INFO 14436 --- [    Test worker] t.c.s.AnnotationConfigContextLoaderUtils : Could not detect default configuration classes for test class [com.mindex.challenge.ChallengeApplicationTests]: ChallengeApplicationTests does not declare any static, non-private, non-final, nested classes annotated with @Configuration.
2020-03-04 13:28:12.428  INFO 14436 --- [    Test worker] .b.t.c.SpringBootTestContextBootstrapper : Found @SpringBootConfiguration com.mindex.challenge.ChallengeApplication for test class com.mindex.challenge.ChallengeApplicationTests
2020-03-04 13:28:12.431  INFO 14436 --- [    Test worker] .b.t.c.SpringBootTestContextBootstrapper : Loaded default TestExecutionListener class names from location [META-INF/spring.factories]: [org.springframework.boot.test.autoconfigure.restdocs.RestDocsTestExecutionListener, org.springframework.boot.test.autoconfigure.web.client.MockRestServiceServerResetTestExecutionListener, org.springframework.boot.test.autoconfigure.web.servlet.MockMvcPrintOnlyOnFailureTestExecutionListener, org.springframework.boot.test.autoconfigure.web.servlet.WebDriverTestExecutionListener, org.springframework.boot.test.mock.mockito.MockitoTestExecutionListener, org.springframework.boot.test.mock.mockito.ResetMocksTestExecutionListener, org.springframework.test.context.web.ServletTestExecutionListener, org.springframework.test.context.support.DirtiesContextBeforeModesTestExecutionListener, org.springframework.test.context.support.DependencyInjectionTestExecutionListener, org.springframework.test.context.support.DirtiesContextTestExecutionListener, org.springframework.test.context.transaction.TransactionalTestExecutionListener, org.springframework.test.context.jdbc.SqlScriptsTestExecutionListener]
2020-03-04 13:28:12.434  INFO 14436 --- [    Test worker] .b.t.c.SpringBootTestContextBootstrapper : Using TestExecutionListeners: [org.springframework.test.context.web.ServletTestExecutionListener@4529ae77, org.springframework.test.context.support.DirtiesContextBeforeModesTestExecutionListener@2eedf07c, org.springframework.boot.test.autoconfigure.SpringBootDependencyInjectionTestExecutionListener@115e0590, org.springframework.test.context.support.DirtiesContextTestExecutionListener@2e3d5048, org.springframework.test.context.transaction.TransactionalTestExecutionListener@266f19ee, org.springframework.test.context.jdbc.SqlScriptsTestExecutionListener@6740634f, org.springframework.boot.test.autoconfigure.restdocs.RestDocsTestExecutionListener@65398b2, org.springframework.boot.test.autoconfigure.web.client.MockRestServiceServerResetTestExecutionListener@42283720, org.springframework.boot.test.mock.mockito.MockitoTestExecutionListener@1cd6e6e2, org.springframework.boot.test.autoconfigure.web.servlet.MockMvcPrintOnlyOnFailureTestExecutionListener@78e8b42c, org.springframework.boot.test.mock.mockito.ResetMocksTestExecutionListener@62e4358b, org.springframework.boot.test.autoconfigure.web.servlet.WebDriverTestExecutionListener@61f69fc0]
]]></system-out>
  <system-err><![CDATA[]]></system-err>
</testsuite>
