<?xml version="1.0" encoding="UTF-8"?>
<testsuite name="com.mindex.challenge.DataBootstrapTest" tests="0" skipped="0" failures="0" errors="0" timestamp="1970-01-01T00:00:00" hostname="its-504.main.ad.rit.edu" time="0.0">
  <properties/>
  <system-out><![CDATA[13:28:09.340 [Test worker] DEBUG org.springframework.test.context.junit4.SpringJUnit4ClassRunner - SpringJUnit4ClassRunner constructor called with [class com.mindex.challenge.DataBootstrapTest]
13:28:09.345 [Test worker] DEBUG org.springframework.test.context.BootstrapUtils - Instantiating CacheAwareContextLoaderDelegate from class [org.springframework.test.context.cache.DefaultCacheAwareContextLoaderDelegate]
13:28:09.351 [Test worker] DEBUG org.springframework.test.context.BootstrapUtils - Instantiating BootstrapContext using constructor [public org.springframework.test.context.support.DefaultBootstrapContext(java.lang.Class,org.springframework.test.context.CacheAwareContextLoaderDelegate)]
13:28:09.363 [Test worker] DEBUG org.springframework.test.context.BootstrapUtils - Instantiating TestContextBootstrapper for test class [com.mindex.challenge.DataBootstrapTest] from class [org.springframework.boot.test.context.SpringBootTestContextBootstrapper]
13:28:09.372 [Test worker] INFO org.springframework.boot.test.context.SpringBootTestContextBootstrapper - Neither @ContextConfiguration nor @ContextHierarchy found for test class [com.mindex.challenge.DataBootstrapTest], using SpringBootContextLoader
13:28:09.375 [Test worker] DEBUG org.springframework.test.context.support.AbstractContextLoader - Did not detect default resource location for test class [com.mindex.challenge.DataBootstrapTest]: class path resource [com/mindex/challenge/DataBootstrapTest-context.xml] does not exist
13:28:09.375 [Test worker] DEBUG org.springframework.test.context.support.AbstractContextLoader - Did not detect default resource location for test class [com.mindex.challenge.DataBootstrapTest]: class path resource [com/mindex/challenge/DataBootstrapTestContext.groovy] does not exist
13:28:09.376 [Test worker] INFO org.springframework.test.context.support.AbstractContextLoader - Could not detect default resource locations for test class [com.mindex.challenge.DataBootstrapTest]: no resource found for suffixes {-context.xml, Context.groovy}.
13:28:09.376 [Test worker] INFO org.springframework.test.context.support.AnnotationConfigContextLoaderUtils - Could not detect default configuration classes for test class [com.mindex.challenge.DataBootstrapTest]: DataBootstrapTest does not declare any static, non-private, non-final, nested classes annotated with @Configuration.
13:28:09.405 [Test worker] DEBUG org.springframework.test.context.support.ActiveProfilesUtils - Could not find an 'annotation declaring class' for annotation type [org.springframework.test.context.ActiveProfiles] and class [com.mindex.challenge.DataBootstrapTest]
13:28:09.412 [Test worker] DEBUG org.springframework.core.env.StandardEnvironment - Adding [systemProperties] PropertySource with lowest search precedence
13:28:09.413 [Test worker] DEBUG org.springframework.core.env.StandardEnvironment - Adding [systemEnvironment] PropertySource with lowest search precedence
13:28:09.413 [Test worker] DEBUG org.springframework.core.env.StandardEnvironment - Initialized StandardEnvironment with PropertySources [systemProperties,systemEnvironment]
13:28:09.421 [Test worker] DEBUG org.springframework.core.io.support.PathMatchingResourcePatternResolver - Resolved classpath location [com/mindex/challenge/] to resources [URL [file:/Users/trjisd/IdeaProjects/entry-code-challenge/build/classes/java/test/com/mindex/challenge/], URL [file:/Users/trjisd/IdeaProjects/entry-code-challenge/build/classes/java/main/com/mindex/challenge/]]
13:28:09.421 [Test worker] DEBUG org.springframework.core.io.support.PathMatchingResourcePatternResolver - Looking for matching resources in directory tree [/Users/trjisd/IdeaProjects/entry-code-challenge/build/classes/java/test/com/mindex/challenge]
13:28:09.421 [Test worker] DEBUG org.springframework.core.io.support.PathMatchingResourcePatternResolver - Searching directory [/Users/trjisd/IdeaProjects/entry-code-challenge/build/classes/java/test/com/mindex/challenge] for files matching pattern [/Users/trjisd/IdeaProjects/entry-code-challenge/build/classes/java/test/com/mindex/challenge/*.class]
13:28:09.424 [Test worker] DEBUG org.springframework.core.io.support.PathMatchingResourcePatternResolver - Looking for matching resources in directory tree [/Users/trjisd/IdeaProjects/entry-code-challenge/build/classes/java/main/com/mindex/challenge]
13:28:09.425 [Test worker] DEBUG org.springframework.core.io.support.PathMatchingResourcePatternResolver - Searching directory [/Users/trjisd/IdeaProjects/entry-code-challenge/build/classes/java/main/com/mindex/challenge] for files matching pattern [/Users/trjisd/IdeaProjects/entry-code-challenge/build/classes/java/main/com/mindex/challenge/*.class]
13:28:09.426 [Test worker] DEBUG org.springframework.core.io.support.PathMatchingResourcePatternResolver - Resolved location pattern [classpath*:com/mindex/challenge/*.class] to resources [file [/Users/trjisd/IdeaProjects/entry-code-challenge/build/classes/java/test/com/mindex/challenge/ChallengeApplicationTests.class], file [/Users/trjisd/IdeaProjects/entry-code-challenge/build/classes/java/test/com/mindex/challenge/DataBootstrapTest.class], file [/Users/trjisd/IdeaProjects/entry-code-challenge/build/classes/java/main/com/mindex/challenge/ChallengeApplication.class], file [/Users/trjisd/IdeaProjects/entry-code-challenge/build/classes/java/main/com/mindex/challenge/DataBootstrap.class], file [/Users/trjisd/IdeaProjects/entry-code-challenge/build/classes/java/main/com/mindex/challenge/FongoConfiguration.class]]
13:28:09.461 [Test worker] DEBUG org.springframework.context.annotation.ClassPathScanningCandidateComponentProvider - Identified candidate component class: file [/Users/trjisd/IdeaProjects/entry-code-challenge/build/classes/java/main/com/mindex/challenge/ChallengeApplication.class]
13:28:09.467 [Test worker] INFO org.springframework.boot.test.context.SpringBootTestContextBootstrapper - Found @SpringBootConfiguration com.mindex.challenge.ChallengeApplication for test class com.mindex.challenge.DataBootstrapTest
13:28:09.470 [Test worker] DEBUG org.springframework.boot.test.context.SpringBootTestContextBootstrapper - @TestExecutionListeners is not present for class [com.mindex.challenge.DataBootstrapTest]: using defaults.
13:28:09.473 [Test worker] INFO org.springframework.boot.test.context.SpringBootTestContextBootstrapper - Loaded default TestExecutionListener class names from location [META-INF/spring.factories]: [org.springframework.boot.test.autoconfigure.restdocs.RestDocsTestExecutionListener, org.springframework.boot.test.autoconfigure.web.client.MockRestServiceServerResetTestExecutionListener, org.springframework.boot.test.autoconfigure.web.servlet.MockMvcPrintOnlyOnFailureTestExecutionListener, org.springframework.boot.test.autoconfigure.web.servlet.WebDriverTestExecutionListener, org.springframework.boot.test.mock.mockito.MockitoTestExecutionListener, org.springframework.boot.test.mock.mockito.ResetMocksTestExecutionListener, org.springframework.test.context.web.ServletTestExecutionListener, org.springframework.test.context.support.DirtiesContextBeforeModesTestExecutionListener, org.springframework.test.context.support.DependencyInjectionTestExecutionListener, org.springframework.test.context.support.DirtiesContextTestExecutionListener, org.springframework.test.context.transaction.TransactionalTestExecutionListener, org.springframework.test.context.jdbc.SqlScriptsTestExecutionListener]
13:28:09.488 [Test worker] INFO org.springframework.boot.test.context.SpringBootTestContextBootstrapper - Using TestExecutionListeners: [org.springframework.test.context.web.ServletTestExecutionListener@36a4c488, org.springframework.test.context.support.DirtiesContextBeforeModesTestExecutionListener@79b7beab, org.springframework.boot.test.autoconfigure.SpringBootDependencyInjectionTestExecutionListener@5e98bd31, org.springframework.test.context.support.DirtiesContextTestExecutionListener@1a575c92, org.springframework.test.context.transaction.TransactionalTestExecutionListener@ac75bd4, org.springframework.test.context.jdbc.SqlScriptsTestExecutionListener@4e41fec1, org.springframework.boot.test.autoconfigure.restdocs.RestDocsTestExecutionListener@552ba30d, org.springframework.boot.test.autoconfigure.web.client.MockRestServiceServerResetTestExecutionListener@7538c6f6, org.springframework.boot.test.mock.mockito.MockitoTestExecutionListener@45112a7e, org.springframework.boot.test.autoconfigure.web.servlet.MockMvcPrintOnlyOnFailureTestExecutionListener@46763eb, org.springframework.boot.test.mock.mockito.ResetMocksTestExecutionListener@cdc8ba1, org.springframework.boot.test.autoconfigure.web.servlet.WebDriverTestExecutionListener@3f60f3ba]
13:28:09.490 [Test worker] DEBUG org.springframework.test.annotation.ProfileValueUtils - Retrieved @ProfileValueSourceConfiguration [null] for test class [com.mindex.challenge.DataBootstrapTest]
13:28:09.491 [Test worker] DEBUG org.springframework.test.annotation.ProfileValueUtils - Retrieved ProfileValueSource type [class org.springframework.test.annotation.SystemProfileValueSource] for class [com.mindex.challenge.DataBootstrapTest]
]]></system-out>
  <system-err><![CDATA[]]></system-err>
</testsuite>
