<?xml version="1.0" encoding="UTF-8"?>
<testsuite name="com.mindex.challenge.service.impl.ReportingStructureServiceImplTest" tests="0" skipped="0" failures="0" errors="0" timestamp="1970-01-01T00:00:00" hostname="its-504.main.ad.rit.edu" time="0.0">
  <properties/>
  <system-out><![CDATA[13:28:09.498 [Test worker] DEBUG org.springframework.test.context.junit4.SpringJUnit4ClassRunner - SpringJUnit4ClassRunner constructor called with [class com.mindex.challenge.service.impl.ReportingStructureServiceImplTest]
13:28:09.498 [Test worker] DEBUG org.springframework.test.context.BootstrapUtils - Instantiating CacheAwareContextLoaderDelegate from class [org.springframework.test.context.cache.DefaultCacheAwareContextLoaderDelegate]
13:28:09.499 [Test worker] DEBUG org.springframework.test.context.BootstrapUtils - Instantiating BootstrapContext using constructor [public org.springframework.test.context.support.DefaultBootstrapContext(java.lang.Class,org.springframework.test.context.CacheAwareContextLoaderDelegate)]
13:28:09.499 [Test worker] DEBUG org.springframework.test.context.BootstrapUtils - Instantiating TestContextBootstrapper for test class [com.mindex.challenge.service.impl.ReportingStructureServiceImplTest] from class [org.springframework.boot.test.context.SpringBootTestContextBootstrapper]
13:28:09.500 [Test worker] INFO org.springframework.boot.test.context.SpringBootTestContextBootstrapper - Neither @ContextConfiguration nor @ContextHierarchy found for test class [com.mindex.challenge.service.impl.ReportingStructureServiceImplTest], using SpringBootContextLoader
13:28:09.500 [Test worker] DEBUG org.springframework.test.context.support.AbstractContextLoader - Did not detect default resource location for test class [com.mindex.challenge.service.impl.ReportingStructureServiceImplTest]: class path resource [com/mindex/challenge/service/impl/ReportingStructureServiceImplTest-context.xml] does not exist
13:28:09.501 [Test worker] DEBUG org.springframework.test.context.support.AbstractContextLoader - Did not detect default resource location for test class [com.mindex.challenge.service.impl.ReportingStructureServiceImplTest]: class path resource [com/mindex/challenge/service/impl/ReportingStructureServiceImplTestContext.groovy] does not exist
13:28:09.501 [Test worker] INFO org.springframework.test.context.support.AbstractContextLoader - Could not detect default resource locations for test class [com.mindex.challenge.service.impl.ReportingStructureServiceImplTest]: no resource found for suffixes {-context.xml, Context.groovy}.
13:28:09.501 [Test worker] INFO org.springframework.test.context.support.AnnotationConfigContextLoaderUtils - Could not detect default configuration classes for test class [com.mindex.challenge.service.impl.ReportingStructureServiceImplTest]: ReportingStructureServiceImplTest does not declare any static, non-private, non-final, nested classes annotated with @Configuration.
13:28:09.508 [Test worker] DEBUG org.springframework.test.context.support.ActiveProfilesUtils - Could not find an 'annotation declaring class' for annotation type [org.springframework.test.context.ActiveProfiles] and class [com.mindex.challenge.service.impl.ReportingStructureServiceImplTest]
13:28:09.508 [Test worker] DEBUG org.springframework.core.env.StandardEnvironment - Adding [systemProperties] PropertySource with lowest search precedence
13:28:09.508 [Test worker] DEBUG org.springframework.core.env.StandardEnvironment - Adding [systemEnvironment] PropertySource with lowest search precedence
13:28:09.508 [Test worker] DEBUG org.springframework.core.env.StandardEnvironment - Initialized StandardEnvironment with PropertySources [systemProperties,systemEnvironment]
13:28:09.509 [Test worker] DEBUG org.springframework.core.io.support.PathMatchingResourcePatternResolver - Resolved classpath location [com/mindex/challenge/service/impl/] to resources [URL [file:/Users/trjisd/IdeaProjects/entry-code-challenge/build/classes/java/test/com/mindex/challenge/service/impl/], URL [file:/Users/trjisd/IdeaProjects/entry-code-challenge/build/classes/java/main/com/mindex/challenge/service/impl/]]
13:28:09.509 [Test worker] DEBUG org.springframework.core.io.support.PathMatchingResourcePatternResolver - Looking for matching resources in directory tree [/Users/trjisd/IdeaProjects/entry-code-challenge/build/classes/java/test/com/mindex/challenge/service/impl]
13:28:09.509 [Test worker] DEBUG org.springframework.core.io.support.PathMatchingResourcePatternResolver - Searching directory [/Users/trjisd/IdeaProjects/entry-code-challenge/build/classes/java/test/com/mindex/challenge/service/impl] for files matching pattern [/Users/trjisd/IdeaProjects/entry-code-challenge/build/classes/java/test/com/mindex/challenge/service/impl/*.class]
13:28:09.511 [Test worker] DEBUG org.springframework.core.io.support.PathMatchingResourcePatternResolver - Looking for matching resources in directory tree [/Users/trjisd/IdeaProjects/entry-code-challenge/build/classes/java/main/com/mindex/challenge/service/impl]
13:28:09.511 [Test worker] DEBUG org.springframework.core.io.support.PathMatchingResourcePatternResolver - Searching directory [/Users/trjisd/IdeaProjects/entry-code-challenge/build/classes/java/main/com/mindex/challenge/service/impl] for files matching pattern [/Users/trjisd/IdeaProjects/entry-code-challenge/build/classes/java/main/com/mindex/challenge/service/impl/*.class]
13:28:09.512 [Test worker] DEBUG org.springframework.core.io.support.PathMatchingResourcePatternResolver - Resolved location pattern [classpath*:com/mindex/challenge/service/impl/*.class] to resources [file [/Users/trjisd/IdeaProjects/entry-code-challenge/build/classes/java/test/com/mindex/challenge/service/impl/CompensationServiceImplTest.class], file [/Users/trjisd/IdeaProjects/entry-code-challenge/build/classes/java/test/com/mindex/challenge/service/impl/EmployeeServiceImplTest.class], file [/Users/trjisd/IdeaProjects/entry-code-challenge/build/classes/java/test/com/mindex/challenge/service/impl/ReportingStructureServiceImplTest.class], file [/Users/trjisd/IdeaProjects/entry-code-challenge/build/classes/java/main/com/mindex/challenge/service/impl/CompensationServiceImpl.class], file [/Users/trjisd/IdeaProjects/entry-code-challenge/build/classes/java/main/com/mindex/challenge/service/impl/EmployeeServiceImpl.class], file [/Users/trjisd/IdeaProjects/entry-code-challenge/build/classes/java/main/com/mindex/challenge/service/impl/ReportingStructureServiceImpl.class]]
13:28:09.518 [Test worker] DEBUG org.springframework.core.io.support.PathMatchingResourcePatternResolver - Resolved classpath location [com/mindex/challenge/service/] to resources [URL [file:/Users/trjisd/IdeaProjects/entry-code-challenge/build/classes/java/test/com/mindex/challenge/service/], URL [file:/Users/trjisd/IdeaProjects/entry-code-challenge/build/classes/java/main/com/mindex/challenge/service/]]
13:28:09.518 [Test worker] DEBUG org.springframework.core.io.support.PathMatchingResourcePatternResolver - Looking for matching resources in directory tree [/Users/trjisd/IdeaProjects/entry-code-challenge/build/classes/java/test/com/mindex/challenge/service]
13:28:09.518 [Test worker] DEBUG org.springframework.core.io.support.PathMatchingResourcePatternResolver - Searching directory [/Users/trjisd/IdeaProjects/entry-code-challenge/build/classes/java/test/com/mindex/challenge/service] for files matching pattern [/Users/trjisd/IdeaProjects/entry-code-challenge/build/classes/java/test/com/mindex/challenge/service/*.class]
13:28:09.518 [Test worker] DEBUG org.springframework.core.io.support.PathMatchingResourcePatternResolver - Looking for matching resources in directory tree [/Users/trjisd/IdeaProjects/entry-code-challenge/build/classes/java/main/com/mindex/challenge/service]
13:28:09.518 [Test worker] DEBUG org.springframework.core.io.support.PathMatchingResourcePatternResolver - Searching directory [/Users/trjisd/IdeaProjects/entry-code-challenge/build/classes/java/main/com/mindex/challenge/service] for files matching pattern [/Users/trjisd/IdeaProjects/entry-code-challenge/build/classes/java/main/com/mindex/challenge/service/*.class]
13:28:09.519 [Test worker] DEBUG org.springframework.core.io.support.PathMatchingResourcePatternResolver - Resolved location pattern [classpath*:com/mindex/challenge/service/*.class] to resources [file [/Users/trjisd/IdeaProjects/entry-code-challenge/build/classes/java/main/com/mindex/challenge/service/CompensationService.class], file [/Users/trjisd/IdeaProjects/entry-code-challenge/build/classes/java/main/com/mindex/challenge/service/EmployeeService.class], file [/Users/trjisd/IdeaProjects/entry-code-challenge/build/classes/java/main/com/mindex/challenge/service/ReportingStructureService.class]]
13:28:09.520 [Test worker] DEBUG org.springframework.core.io.support.PathMatchingResourcePatternResolver - Resolved classpath location [com/mindex/challenge/] to resources [URL [file:/Users/trjisd/IdeaProjects/entry-code-challenge/build/classes/java/test/com/mindex/challenge/], URL [file:/Users/trjisd/IdeaProjects/entry-code-challenge/build/classes/java/main/com/mindex/challenge/]]
13:28:09.521 [Test worker] DEBUG org.springframework.core.io.support.PathMatchingResourcePatternResolver - Looking for matching resources in directory tree [/Users/trjisd/IdeaProjects/entry-code-challenge/build/classes/java/test/com/mindex/challenge]
13:28:09.521 [Test worker] DEBUG org.springframework.core.io.support.PathMatchingResourcePatternResolver - Searching directory [/Users/trjisd/IdeaProjects/entry-code-challenge/build/classes/java/test/com/mindex/challenge] for files matching pattern [/Users/trjisd/IdeaProjects/entry-code-challenge/build/classes/java/test/com/mindex/challenge/*.class]
13:28:09.522 [Test worker] DEBUG org.springframework.core.io.support.PathMatchingResourcePatternResolver - Looking for matching resources in directory tree [/Users/trjisd/IdeaProjects/entry-code-challenge/build/classes/java/main/com/mindex/challenge]
13:28:09.522 [Test worker] DEBUG org.springframework.core.io.support.PathMatchingResourcePatternResolver - Searching directory [/Users/trjisd/IdeaProjects/entry-code-challenge/build/classes/java/main/com/mindex/challenge] for files matching pattern [/Users/trjisd/IdeaProjects/entry-code-challenge/build/classes/java/main/com/mindex/challenge/*.class]
13:28:09.523 [Test worker] DEBUG org.springframework.core.io.support.PathMatchingResourcePatternResolver - Resolved location pattern [classpath*:com/mindex/challenge/*.class] to resources [file [/Users/trjisd/IdeaProjects/entry-code-challenge/build/classes/java/test/com/mindex/challenge/ChallengeApplicationTests.class], file [/Users/trjisd/IdeaProjects/entry-code-challenge/build/classes/java/test/com/mindex/challenge/DataBootstrapTest.class], file [/Users/trjisd/IdeaProjects/entry-code-challenge/build/classes/java/main/com/mindex/challenge/ChallengeApplication.class], file [/Users/trjisd/IdeaProjects/entry-code-challenge/build/classes/java/main/com/mindex/challenge/DataBootstrap.class], file [/Users/trjisd/IdeaProjects/entry-code-challenge/build/classes/java/main/com/mindex/challenge/FongoConfiguration.class]]
13:28:09.525 [Test worker] DEBUG org.springframework.context.annotation.ClassPathScanningCandidateComponentProvider - Identified candidate component class: file [/Users/trjisd/IdeaProjects/entry-code-challenge/build/classes/java/main/com/mindex/challenge/ChallengeApplication.class]
13:28:09.526 [Test worker] INFO org.springframework.boot.test.context.SpringBootTestContextBootstrapper - Found @SpringBootConfiguration com.mindex.challenge.ChallengeApplication for test class com.mindex.challenge.service.impl.ReportingStructureServiceImplTest
13:28:09.528 [Test worker] DEBUG org.springframework.boot.test.context.SpringBootTestContextBootstrapper - @TestExecutionListeners is not present for class [com.mindex.challenge.service.impl.ReportingStructureServiceImplTest]: using defaults.
13:28:09.531 [Test worker] INFO org.springframework.boot.test.context.SpringBootTestContextBootstrapper - Loaded default TestExecutionListener class names from location [META-INF/spring.factories]: [org.springframework.boot.test.autoconfigure.restdocs.RestDocsTestExecutionListener, org.springframework.boot.test.autoconfigure.web.client.MockRestServiceServerResetTestExecutionListener, org.springframework.boot.test.autoconfigure.web.servlet.MockMvcPrintOnlyOnFailureTestExecutionListener, org.springframework.boot.test.autoconfigure.web.servlet.WebDriverTestExecutionListener, org.springframework.boot.test.mock.mockito.MockitoTestExecutionListener, org.springframework.boot.test.mock.mockito.ResetMocksTestExecutionListener, org.springframework.test.context.web.ServletTestExecutionListener, org.springframework.test.context.support.DirtiesContextBeforeModesTestExecutionListener, org.springframework.test.context.support.DependencyInjectionTestExecutionListener, org.springframework.test.context.support.DirtiesContextTestExecutionListener, org.springframework.test.context.transaction.TransactionalTestExecutionListener, org.springframework.test.context.jdbc.SqlScriptsTestExecutionListener]
13:28:09.534 [Test worker] INFO org.springframework.boot.test.context.SpringBootTestContextBootstrapper - Using TestExecutionListeners: [org.springframework.test.context.web.ServletTestExecutionListener@485e4dd5, org.springframework.test.context.support.DirtiesContextBeforeModesTestExecutionListener@71645e16, org.springframework.boot.test.autoconfigure.SpringBootDependencyInjectionTestExecutionListener@4848fde6, org.springframework.test.context.support.DirtiesContextTestExecutionListener@695f20c, org.springframework.test.context.transaction.TransactionalTestExecutionListener@3c9f27ee, org.springframework.test.context.jdbc.SqlScriptsTestExecutionListener@6f585a85, org.springframework.boot.test.autoconfigure.restdocs.RestDocsTestExecutionListener@60703d45, org.springframework.boot.test.autoconfigure.web.client.MockRestServiceServerResetTestExecutionListener@49dcb6d5, org.springframework.boot.test.mock.mockito.MockitoTestExecutionListener@cb94857, org.springframework.boot.test.autoconfigure.web.servlet.MockMvcPrintOnlyOnFailureTestExecutionListener@2198a737, org.springframework.boot.test.mock.mockito.ResetMocksTestExecutionListener@40632c54, org.springframework.boot.test.autoconfigure.web.servlet.WebDriverTestExecutionListener@6ca55093]
13:28:09.534 [Test worker] DEBUG org.springframework.test.annotation.ProfileValueUtils - Retrieved @ProfileValueSourceConfiguration [null] for test class [com.mindex.challenge.service.impl.ReportingStructureServiceImplTest]
13:28:09.535 [Test worker] DEBUG org.springframework.test.annotation.ProfileValueUtils - Retrieved ProfileValueSource type [class org.springframework.test.annotation.SystemProfileValueSource] for class [com.mindex.challenge.service.impl.ReportingStructureServiceImplTest]
]]></system-out>
  <system-err><![CDATA[]]></system-err>
</testsuite>
