<?xml version="1.0" encoding="UTF-8"?>
<testsuite name="com.mindex.challenge.service.impl.EmployeeServiceImplTest" tests="0" skipped="0" failures="0" errors="0" timestamp="1970-01-01T00:00:00" hostname="its-504.main.ad.rit.edu" time="0.0">
  <properties/>
  <system-out><![CDATA[2020-03-04 13:28:12.407  INFO 14436 --- [    Test worker] .b.t.c.SpringBootTestContextBootstrapper : Neither @ContextConfiguration nor @ContextHierarchy found for test class [com.mindex.challenge.service.impl.EmployeeServiceImplTest], using SpringBootContextLoader
2020-03-04 13:28:12.408  INFO 14436 --- [    Test worker] o.s.t.c.support.AbstractContextLoader    : Could not detect default resource locations for test class [com.mindex.challenge.service.impl.EmployeeServiceImplTest]: no resource found for suffixes {-context.xml, Context.groovy}.
2020-03-04 13:28:12.408  INFO 14436 --- [    Test worker] t.c.s.AnnotationConfigContextLoaderUtils : Could not detect default configuration classes for test class [com.mindex.challenge.service.impl.EmployeeServiceImplTest]: EmployeeServiceImplTest does not declare any static, non-private, non-final, nested classes annotated with @Configuration.
2020-03-04 13:28:12.412  INFO 14436 --- [    Test worker] .b.t.c.SpringBootTestContextBootstrapper : Found @SpringBootConfiguration com.mindex.challenge.ChallengeApplication for test class com.mindex.challenge.service.impl.EmployeeServiceImplTest
2020-03-04 13:28:12.416  INFO 14436 --- [    Test worker] .b.t.c.SpringBootTestContextBootstrapper : Loaded default TestExecutionListener class names from location [META-INF/spring.factories]: [org.springframework.boot.test.autoconfigure.restdocs.RestDocsTestExecutionListener, org.springframework.boot.test.autoconfigure.web.client.MockRestServiceServerResetTestExecutionListener, org.springframework.boot.test.autoconfigure.web.servlet.MockMvcPrintOnlyOnFailureTestExecutionListener, org.springframework.boot.test.autoconfigure.web.servlet.WebDriverTestExecutionListener, org.springframework.boot.test.mock.mockito.MockitoTestExecutionListener, org.springframework.boot.test.mock.mockito.ResetMocksTestExecutionListener, org.springframework.test.context.web.ServletTestExecutionListener, org.springframework.test.context.support.DirtiesContextBeforeModesTestExecutionListener, org.springframework.test.context.support.DependencyInjectionTestExecutionListener, org.springframework.test.context.support.DirtiesContextTestExecutionListener, org.springframework.test.context.transaction.TransactionalTestExecutionListener, org.springframework.test.context.jdbc.SqlScriptsTestExecutionListener]
2020-03-04 13:28:12.419  INFO 14436 --- [    Test worker] .b.t.c.SpringBootTestContextBootstrapper : Using TestExecutionListeners: [org.springframework.test.context.web.ServletTestExecutionListener@71d6d251, org.springframework.test.context.support.DirtiesContextBeforeModesTestExecutionListener@44efcb82, org.springframework.boot.test.autoconfigure.SpringBootDependencyInjectionTestExecutionListener@2564307d, org.springframework.test.context.support.DirtiesContextTestExecutionListener@754aaf4, org.springframework.test.context.transaction.TransactionalTestExecutionListener@40d7a415, org.springframework.test.context.jdbc.SqlScriptsTestExecutionListener@7a5ec456, org.springframework.boot.test.autoconfigure.restdocs.RestDocsTestExecutionListener@7e3df4b8, org.springframework.boot.test.autoconfigure.web.client.MockRestServiceServerResetTestExecutionListener@5c1ce281, org.springframework.boot.test.mock.mockito.MockitoTestExecutionListener@2116021b, org.springframework.boot.test.autoconfigure.web.servlet.MockMvcPrintOnlyOnFailureTestExecutionListener@2de60e1b, org.springframework.boot.test.mock.mockito.ResetMocksTestExecutionListener@3c6fb72b, org.springframework.boot.test.autoconfigure.web.servlet.WebDriverTestExecutionListener@75c42cd]
]]></system-out>
  <system-err><![CDATA[]]></system-err>
</testsuite>
